2022-07-17 15:19:29,572 - Velocimacro : added VM includeImageReferenceEmbedding: source=/templates/macros/json/embeddings.vm
2022-07-17 15:19:29,572 - Velocimacro : added VM includeTextEmbedding: source=/templates/macros/json/embeddings.vm
2022-07-17 15:19:29,573 - Velocimacro : added VM includeUnknownEmbedding: source=/templates/macros/json/embeddings.vm
2022-07-17 15:19:29,573 - ResourceManager : found /templates/macros/json/embeddings.vm with loader org.apache.velocity.runtime.resource.loader.ClasspathResourceLoader
2022-07-17 15:19:29,575 - Velocimacro : added VM includeHooks: source=/templates/macros/json/hooks.vm
2022-07-17 15:19:29,575 - ResourceManager : found /templates/macros/json/hooks.vm with loader org.apache.velocity.runtime.resource.loader.ClasspathResourceLoader
2022-07-17 15:19:29,578 - Velocimacro : added VM includeOutput: source=/templates/macros/json/output.vm
2022-07-17 15:19:29,578 - ResourceManager : found /templates/macros/json/output.vm with loader org.apache.velocity.runtime.resource.loader.ClasspathResourceLoader
2022-07-17 15:19:29,579 - Velocimacro : added VM includeMessage: source=/templates/macros/json/message.vm
2022-07-17 15:19:29,579 - ResourceManager : found /templates/macros/json/message.vm with loader org.apache.velocity.runtime.resource.loader.ClasspathResourceLoader
2022-07-17 15:19:29,582 - Velocimacro : added VM includeSteps: source=/templates/macros/json/steps.vm
2022-07-17 15:19:29,582 - ResourceManager : found /templates/macros/json/steps.vm with loader org.apache.velocity.runtime.resource.loader.ClasspathResourceLoader
2022-07-17 15:19:29,583 - Velocimacro : added VM includeStepName: source=/templates/macros/json/stepName.vm
2022-07-17 15:19:29,583 - ResourceManager : found /templates/macros/json/stepName.vm with loader org.apache.velocity.runtime.resource.loader.ClasspathResourceLoader
2022-07-17 15:19:29,583 - Velocimacro : added VM includeTags: source=/templates/macros/json/tags.vm
2022-07-17 15:19:29,583 - ResourceManager : found /templates/macros/json/tags.vm with loader org.apache.velocity.runtime.resource.loader.ClasspathResourceLoader
2022-07-17 15:19:29,590 - VM #includeNavigation: too few arguments to macro. Wanted 1 got 0
2022-07-17 15:19:29,591 - Left side ($active_tab) of '==' operation has null value. If it is a reference, it may not be in the context or its toString() returned null. /templates/macros/page/navigation.vm[line 14, column 51]
2022-07-17 15:19:29,591 - Left side ($active_tab) of '==' operation has null value. If it is a reference, it may not be in the context or its toString() returned null. /templates/macros/page/navigation.vm[line 15, column 51]
2022-07-17 15:19:29,591 - Left side ($active_tab) of '==' operation has null value. If it is a reference, it may not be in the context or its toString() returned null. /templates/macros/page/navigation.vm[line 16, column 51]
2022-07-17 15:19:29,591 - Left side ($active_tab) of '==' operation has null value. If it is a reference, it may not be in the context or its toString() returned null. /templates/macros/page/navigation.vm[line 20, column 51]
2022-07-17 15:19:29,603 - ResourceManager : found /templates/footer.vm with loader org.apache.velocity.runtime.resource.loader.ClasspathResourceLoader
2022-07-18 10:49:21,697 - Log4JLogChute initialized using file 'target\velocity.log'
2022-07-18 10:49:21,698 - Initializing Velocity, Calling init()...
2022-07-18 10:49:21,698 - Starting Apache Velocity v1.7 (compiled: 2010-11-19 12:14:37)
2022-07-18 10:49:21,699 - Default Properties File: org\apache\velocity\runtime\defaults\velocity.properties
2022-07-18 10:49:21,699 - Trying to use logger class org.apache.velocity.runtime.log.AvalonLogChute
2022-07-18 10:49:21,699 - Target log system for org.apache.velocity.runtime.log.AvalonLogChute is not available (java.lang.NoClassDefFoundError: org/apache/log/format/Formatter).  Falling back to next log system...
2022-07-18 10:49:21,699 - Trying to use logger class org.apache.velocity.runtime.log.Log4JLogChute
2022-07-18 10:49:21,699 - Using logger class org.apache.velocity.runtime.log.Log4JLogChute
2022-07-18 10:49:21,700 - ResourceLoader instantiated: org.apache.velocity.runtime.resource.loader.ClasspathResourceLoader
2022-07-18 10:49:21,708 - ResourceCache: initialized (class org.apache.velocity.runtime.resource.ResourceCacheImpl) with class java.util.Collections$SynchronizedMap cache map.
2022-07-18 10:49:21,708 - Loaded System Directive: org.apache.velocity.runtime.directive.Stop
2022-07-18 10:49:21,709 - Loaded System Directive: org.apache.velocity.runtime.directive.Define
2022-07-18 10:49:21,709 - Loaded System Directive: org.apache.velocity.runtime.directive.Break
2022-07-18 10:49:21,710 - Loaded System Directive: org.apache.velocity.runtime.directive.Evaluate
2022-07-18 10:49:21,710 - Loaded System Directive: org.apache.velocity.runtime.directive.Literal
2022-07-18 10:49:21,711 - Loaded System Directive: org.apache.velocity.runtime.directive.Macro
2022-07-18 10:49:21,712 - Loaded System Directive: org.apache.velocity.runtime.directive.Parse
2022-07-18 10:49:21,712 - Loaded System Directive: org.apache.velocity.runtime.directive.Include
2022-07-18 10:49:21,713 - Loaded System Directive: org.apache.velocity.runtime.directive.Foreach
2022-07-18 10:49:21,730 - Created '20' parsers.
2022-07-18 10:49:21,733 - Velocimacro : "velocimacro.library" is not set.  Trying default library: VM_global_library.vm
2022-07-18 10:49:21,733 - Could not load resource 'VM_global_library.vm' from ResourceLoader org.apache.velocity.runtime.resource.loader.ClasspathResourceLoader: ClasspathResourceLoader Error: cannot find resource VM_global_library.vm
2022-07-18 10:49:21,734 - Velocimacro : Default library not found.
2022-07-18 10:49:21,734 - Velocimacro : allowInline = true : VMs can be defined inline in templates
2022-07-18 10:49:21,734 - Velocimacro : allowInlineToOverride = false : VMs defined inline may NOT replace previous VM definitions
2022-07-18 10:49:21,734 - Velocimacro : allowInlineLocal = false : VMs defined inline will be global in scope if allowed.
2022-07-18 10:49:21,734 - Velocimacro : autoload off : VM system will not automatically reload global library macros
2022-07-18 10:49:21,795 - ResourceManager : found templates/generators/errorpage.vm with loader org.apache.velocity.runtime.resource.loader.ClasspathResourceLoader
2022-07-18 10:49:21,798 - ResourceManager : found /templates/headers.vm with loader org.apache.velocity.runtime.resource.loader.ClasspathResourceLoader
2022-07-18 10:49:21,799 - ResourceManager : found /templates/head.vm with loader org.apache.velocity.runtime.resource.loader.ClasspathResourceLoader
2022-07-18 10:49:21,800 - Velocimacro : added VM stringArray: source=/templates/macros/array.js.vm
2022-07-18 10:49:21,800 - Velocimacro : added VM numberArray: source=/templates/macros/array.js.vm
2022-07-18 10:49:21,800 - ResourceManager : found /templates/macros/array.js.vm with loader org.apache.velocity.runtime.resource.loader.ClasspathResourceLoader
2022-07-18 10:49:21,801 - Velocimacro : added VM includeBuildInfo: source=/templates/macros/page/buildinfo.vm
2022-07-18 10:49:21,801 - ResourceManager : found /templates/macros/page/buildinfo.vm with loader org.apache.velocity.runtime.resource.loader.ClasspathResourceLoader
2022-07-18 10:49:21,804 - Velocimacro : added VM includeClassifications: source=/templates/macros/page/classifications.vm
2022-07-18 10:49:21,804 - ResourceManager : found /templates/macros/page/classifications.vm with loader org.apache.velocity.runtime.resource.loader.ClasspathResourceLoader
2022-07-18 10:49:21,804 - Velocimacro : added VM includeLead: source=/templates/macros/page/lead.vm
2022-07-18 10:49:21,804 - ResourceManager : found /templates/macros/page/lead.vm with loader org.apache.velocity.runtime.resource.loader.ClasspathResourceLoader
2022-07-18 10:49:21,806 - Velocimacro : added VM includeNavigation: source=/templates/macros/page/navigation.vm
2022-07-18 10:49:21,806 - ResourceManager : found /templates/macros/page/navigation.vm with loader org.apache.velocity.runtime.resource.loader.ClasspathResourceLoader
2022-07-18 10:49:21,807 - Velocimacro : added VM includeReportInfo: source=/templates/macros/page/reportInfo.vm
2022-07-18 10:49:21,807 - ResourceManager : found /templates/macros/page/reportInfo.vm with loader org.apache.velocity.runtime.resource.loader.ClasspathResourceLoader
2022-07-18 10:49:21,808 - Velocimacro : added VM includeTitle: source=/templates/macros/page/title.vm
2022-07-18 10:49:21,808 - ResourceManager : found /templates/macros/page/title.vm with loader org.apache.velocity.runtime.resource.loader.ClasspathResourceLoader
2022-07-18 10:49:21,808 - Velocimacro : added VM includeExpandingButtons: source=/templates/macros/report/expandAllButtons.vm
2022-07-18 10:49:21,808 - ResourceManager : found /templates/macros/report/expandAllButtons.vm with loader org.apache.velocity.runtime.resource.loader.ClasspathResourceLoader
2022-07-18 10:49:21,811 - Velocimacro : added VM includeReportTable: source=/templates/macros/report/reportTable.vm
2022-07-18 10:49:21,811 - ResourceManager : found /templates/macros/report/reportTable.vm with loader org.apache.velocity.runtime.resource.loader.ClasspathResourceLoader
2022-07-18 10:49:21,812 - Velocimacro : added VM includeReportHeader: source=/templates/macros/report/reportHeader.vm
2022-07-18 10:49:21,812 - ResourceManager : found /templates/macros/report/reportHeader.vm with loader org.apache.velocity.runtime.resource.loader.ClasspathResourceLoader
2022-07-18 10:49:21,816 - Velocimacro : added VM includeStatsTable: source=/templates/macros/report/statsTable.vm
2022-07-18 10:49:21,816 - ResourceManager : found /templates/macros/report/statsTable.vm with loader org.apache.velocity.runtime.resource.loader.ClasspathResourceLoader
2022-07-18 10:49:21,817 - Velocimacro : added VM includeBrief: source=/templates/macros/json/brief.vm
2022-07-18 10:49:21,817 - ResourceManager : found /templates/macros/json/brief.vm with loader org.apache.velocity.runtime.resource.loader.ClasspathResourceLoader
2022-07-18 10:49:21,818 - Velocimacro : added VM includeDocString: source=/templates/macros/json/docstring.vm
2022-07-18 10:49:21,818 - ResourceManager : found /templates/macros/json/docstring.vm with loader org.apache.velocity.runtime.resource.loader.ClasspathResourceLoader
2022-07-18 10:49:21,818 - Velocimacro : added VM includeDuration: source=/templates/macros/json/duration.vm
2022-07-18 10:49:21,818 - ResourceManager : found /templates/macros/json/duration.vm with loader org.apache.velocity.runtime.resource.loader.ClasspathResourceLoader
2022-07-18 10:49:21,820 - Velocimacro : added VM includeElement: source=/templates/macros/json/element.vm
2022-07-18 10:49:21,820 - ResourceManager : found /templates/macros/json/element.vm with loader org.apache.velocity.runtime.resource.loader.ClasspathResourceLoader
2022-07-18 10:49:21,826 - Velocimacro : added VM includeEmbeddings: source=/templates/macros/json/embeddings.vm
2022-07-18 10:49:21,826 - Velocimacro : added VM includeHtmlEmbedding: source=/templates/macros/json/embeddings.vm
2022-07-18 10:49:21,826 - Velocimacro : added VM includeVideoEmbedding: source=/templates/macros/json/embeddings.vm
2022-07-18 10:49:21,826 - Velocimacro : added VM includeImageEmbedding: source=/templates/macros/json/embeddings.vm
2022-07-18 10:49:21,826 - Velocimacro : added VM includeImageReferenceEmbedding: source=/templates/macros/json/embeddings.vm
2022-07-18 10:49:21,826 - Velocimacro : added VM includeTextEmbedding: source=/templates/macros/json/embeddings.vm
2022-07-18 10:49:21,826 - Velocimacro : added VM includeUnknownEmbedding: source=/templates/macros/json/embeddings.vm
2022-07-18 10:49:21,826 - ResourceManager : found /templates/macros/json/embeddings.vm with loader org.apache.velocity.runtime.resource.loader.ClasspathResourceLoader
2022-07-18 10:49:21,828 - Velocimacro : added VM includeHooks: source=/templates/macros/json/hooks.vm
2022-07-18 10:49:21,828 - ResourceManager : found /templates/macros/json/hooks.vm with loader org.apache.velocity.runtime.resource.loader.ClasspathResourceLoader
2022-07-18 10:49:21,830 - Velocimacro : added VM includeOutput: source=/templates/macros/json/output.vm
2022-07-18 10:49:21,830 - ResourceManager : found /templates/macros/json/output.vm with loader org.apache.velocity.runtime.resource.loader.ClasspathResourceLoader
2022-07-18 10:49:21,830 - Velocimacro : added VM includeMessage: source=/templates/macros/json/message.vm
2022-07-18 10:49:21,830 - ResourceManager : found /templates/macros/json/message.vm with loader org.apache.velocity.runtime.resource.loader.ClasspathResourceLoader
2022-07-18 10:49:21,831 - Velocimacro : added VM includeSteps: source=/templates/macros/json/steps.vm
2022-07-18 10:49:21,831 - ResourceManager : found /templates/macros/json/steps.vm with loader org.apache.velocity.runtime.resource.loader.ClasspathResourceLoader
2022-07-18 10:49:21,832 - Velocimacro : added VM includeStepName: source=/templates/macros/json/stepName.vm
2022-07-18 10:49:21,832 - ResourceManager : found /templates/macros/json/stepName.vm with loader org.apache.velocity.runtime.resource.loader.ClasspathResourceLoader
2022-07-18 10:49:21,832 - Velocimacro : added VM includeTags: source=/templates/macros/json/tags.vm
2022-07-18 10:49:21,832 - ResourceManager : found /templates/macros/json/tags.vm with loader org.apache.velocity.runtime.resource.loader.ClasspathResourceLoader
2022-07-18 10:49:21,838 - VM #includeNavigation: too few arguments to macro. Wanted 1 got 0
2022-07-18 10:49:21,839 - Left side ($active_tab) of '==' operation has null value. If it is a reference, it may not be in the context or its toString() returned null. /templates/macros/page/navigation.vm[line 14, column 51]
2022-07-18 10:49:21,839 - Left side ($active_tab) of '==' operation has null value. If it is a reference, it may not be in the context or its toString() returned null. /templates/macros/page/navigation.vm[line 15, column 51]
2022-07-18 10:49:21,839 - Left side ($active_tab) of '==' operation has null value. If it is a reference, it may not be in the context or its toString() returned null. /templates/macros/page/navigation.vm[line 16, column 51]
2022-07-18 10:49:21,839 - Left side ($active_tab) of '==' operation has null value. If it is a reference, it may not be in the context or its toString() returned null. /templates/macros/page/navigation.vm[line 20, column 51]
2022-07-18 10:49:21,853 - ResourceManager : found /templates/footer.vm with loader org.apache.velocity.runtime.resource.loader.ClasspathResourceLoader
2022-07-18 18:08:03,819 - Log4JLogChute initialized using file 'target\velocity.log'
2022-07-18 18:08:03,819 - Initializing Velocity, Calling init()...
2022-07-18 18:08:03,819 - Starting Apache Velocity v1.7 (compiled: 2010-11-19 12:14:37)
2022-07-18 18:08:03,819 - Default Properties File: org\apache\velocity\runtime\defaults\velocity.properties
2022-07-18 18:08:03,819 - Trying to use logger class org.apache.velocity.runtime.log.AvalonLogChute
2022-07-18 18:08:03,819 - Target log system for org.apache.velocity.runtime.log.AvalonLogChute is not available (java.lang.NoClassDefFoundError: org/apache/log/format/Formatter).  Falling back to next log system...
2022-07-18 18:08:03,819 - Trying to use logger class org.apache.velocity.runtime.log.Log4JLogChute
2022-07-18 18:08:03,819 - Using logger class org.apache.velocity.runtime.log.Log4JLogChute
2022-07-18 18:08:03,821 - ResourceLoader instantiated: org.apache.velocity.runtime.resource.loader.ClasspathResourceLoader
2022-07-18 18:08:03,828 - ResourceCache: initialized (class org.apache.velocity.runtime.resource.ResourceCacheImpl) with class java.util.Collections$SynchronizedMap cache map.
2022-07-18 18:08:03,830 - Loaded System Directive: org.apache.velocity.runtime.directive.Stop
2022-07-18 18:08:03,830 - Loaded System Directive: org.apache.velocity.runtime.directive.Define
2022-07-18 18:08:03,830 - Loaded System Directive: org.apache.velocity.runtime.directive.Break
2022-07-18 18:08:03,831 - Loaded System Directive: org.apache.velocity.runtime.directive.Evaluate
2022-07-18 18:08:03,831 - Loaded System Directive: org.apache.velocity.runtime.directive.Literal
2022-07-18 18:08:03,832 - Loaded System Directive: org.apache.velocity.runtime.directive.Macro
2022-07-18 18:08:03,833 - Loaded System Directive: org.apache.velocity.runtime.directive.Parse
2022-07-18 18:08:03,834 - Loaded System Directive: org.apache.velocity.runtime.directive.Include
2022-07-18 18:08:03,834 - Loaded System Directive: org.apache.velocity.runtime.directive.Foreach
2022-07-18 18:08:03,852 - Created '20' parsers.
2022-07-18 18:08:03,856 - Velocimacro : "velocimacro.library" is not set.  Trying default library: VM_global_library.vm
2022-07-18 18:08:03,856 - Could not load resource 'VM_global_library.vm' from ResourceLoader org.apache.velocity.runtime.resource.loader.ClasspathResourceLoader: ClasspathResourceLoader Error: cannot find resource VM_global_library.vm
2022-07-18 18:08:03,856 - Velocimacro : Default library not found.
2022-07-18 18:08:03,856 - Velocimacro : allowInline = true : VMs can be defined inline in templates
2022-07-18 18:08:03,856 - Velocimacro : allowInlineToOverride = false : VMs defined inline may NOT replace previous VM definitions
2022-07-18 18:08:03,856 - Velocimacro : allowInlineLocal = false : VMs defined inline will be global in scope if allowed.
2022-07-18 18:08:03,856 - Velocimacro : autoload off : VM system will not automatically reload global library macros
2022-07-18 18:08:03,922 - ResourceManager : found templates/generators/errorpage.vm with loader org.apache.velocity.runtime.resource.loader.ClasspathResourceLoader
2022-07-18 18:08:03,925 - ResourceManager : found /templates/headers.vm with loader org.apache.velocity.runtime.resource.loader.ClasspathResourceLoader
2022-07-18 18:08:03,926 - ResourceManager : found /templates/head.vm with loader org.apache.velocity.runtime.resource.loader.ClasspathResourceLoader
2022-07-18 18:08:03,927 - Velocimacro : added VM stringArray: source=/templates/macros/array.js.vm
2022-07-18 18:08:03,927 - Velocimacro : added VM numberArray: source=/templates/macros/array.js.vm
2022-07-18 18:08:03,927 - ResourceManager : found /templates/macros/array.js.vm with loader org.apache.velocity.runtime.resource.loader.ClasspathResourceLoader
2022-07-18 18:08:03,928 - Velocimacro : added VM includeBuildInfo: source=/templates/macros/page/buildinfo.vm
2022-07-18 18:08:03,928 - ResourceManager : found /templates/macros/page/buildinfo.vm with loader org.apache.velocity.runtime.resource.loader.ClasspathResourceLoader
2022-07-18 18:08:03,931 - Velocimacro : added VM includeClassifications: source=/templates/macros/page/classifications.vm
2022-07-18 18:08:03,931 - ResourceManager : found /templates/macros/page/classifications.vm with loader org.apache.velocity.runtime.resource.loader.ClasspathResourceLoader
2022-07-18 18:08:03,931 - Velocimacro : added VM includeLead: source=/templates/macros/page/lead.vm
2022-07-18 18:08:03,931 - ResourceManager : found /templates/macros/page/lead.vm with loader org.apache.velocity.runtime.resource.loader.ClasspathResourceLoader
2022-07-18 18:08:03,933 - Velocimacro : added VM includeNavigation: source=/templates/macros/page/navigation.vm
2022-07-18 18:08:03,933 - ResourceManager : found /templates/macros/page/navigation.vm with loader org.apache.velocity.runtime.resource.loader.ClasspathResourceLoader
2022-07-18 18:08:03,934 - Velocimacro : added VM includeReportInfo: source=/templates/macros/page/reportInfo.vm
2022-07-18 18:08:03,934 - ResourceManager : found /templates/macros/page/reportInfo.vm with loader org.apache.velocity.runtime.resource.loader.ClasspathResourceLoader
2022-07-18 18:08:03,935 - Velocimacro : added VM includeTitle: source=/templates/macros/page/title.vm
2022-07-18 18:08:03,935 - ResourceManager : found /templates/macros/page/title.vm with loader org.apache.velocity.runtime.resource.loader.ClasspathResourceLoader
2022-07-18 18:08:03,935 - Velocimacro : added VM includeExpandingButtons: source=/templates/macros/report/expandAllButtons.vm
2022-07-18 18:08:03,935 - ResourceManager : found /templates/macros/report/expandAllButtons.vm with loader org.apache.velocity.runtime.resource.loader.ClasspathResourceLoader
2022-07-18 18:08:03,938 - Velocimacro : added VM includeReportTable: source=/templates/macros/report/reportTable.vm
2022-07-18 18:08:03,938 - ResourceManager : found /templates/macros/report/reportTable.vm with loader org.apache.velocity.runtime.resource.loader.ClasspathResourceLoader
2022-07-18 18:08:03,939 - Velocimacro : added VM includeReportHeader: source=/templates/macros/report/reportHeader.vm
2022-07-18 18:08:03,939 - ResourceManager : found /templates/macros/report/reportHeader.vm with loader org.apache.velocity.runtime.resource.loader.ClasspathResourceLoader
2022-07-18 18:08:03,942 - Velocimacro : added VM includeStatsTable: source=/templates/macros/report/statsTable.vm
2022-07-18 18:08:03,942 - ResourceManager : found /templates/macros/report/statsTable.vm with loader org.apache.velocity.runtime.resource.loader.ClasspathResourceLoader
2022-07-18 18:08:03,943 - Velocimacro : added VM includeBrief: source=/templates/macros/json/brief.vm
2022-07-18 18:08:03,943 - ResourceManager : found /templates/macros/json/brief.vm with loader org.apache.velocity.runtime.resource.loader.ClasspathResourceLoader
2022-07-18 18:08:03,943 - Velocimacro : added VM includeDocString: source=/templates/macros/json/docstring.vm
2022-07-18 18:08:03,943 - ResourceManager : found /templates/macros/json/docstring.vm with loader org.apache.velocity.runtime.resource.loader.ClasspathResourceLoader
2022-07-18 18:08:03,944 - Velocimacro : added VM includeDuration: source=/templates/macros/json/duration.vm
2022-07-18 18:08:03,944 - ResourceManager : found /templates/macros/json/duration.vm with loader org.apache.velocity.runtime.resource.loader.ClasspathResourceLoader
2022-07-18 18:08:03,946 - Velocimacro : added VM includeElement: source=/templates/macros/json/element.vm
2022-07-18 18:08:03,946 - ResourceManager : found /templates/macros/json/element.vm with loader org.apache.velocity.runtime.resource.loader.ClasspathResourceLoader
2022-07-18 18:08:03,951 - Velocimacro : added VM includeEmbeddings: source=/templates/macros/json/embeddings.vm
2022-07-18 18:08:03,951 - Velocimacro : added VM includeHtmlEmbedding: source=/templates/macros/json/embeddings.vm
2022-07-18 18:08:03,951 - Velocimacro : added VM includeVideoEmbedding: source=/templates/macros/json/embeddings.vm
2022-07-18 18:08:03,951 - Velocimacro : added VM includeImageEmbedding: source=/templates/macros/json/embeddings.vm
2022-07-18 18:08:03,951 - Velocimacro : added VM includeImageReferenceEmbedding: source=/templates/macros/json/embeddings.vm
2022-07-18 18:08:03,952 - Velocimacro : added VM includeTextEmbedding: source=/templates/macros/json/embeddings.vm
2022-07-18 18:08:03,952 - Velocimacro : added VM includeUnknownEmbedding: source=/templates/macros/json/embeddings.vm
2022-07-18 18:08:03,952 - ResourceManager : found /templates/macros/json/embeddings.vm with loader org.apache.velocity.runtime.resource.loader.ClasspathResourceLoader
2022-07-18 18:08:03,953 - Velocimacro : added VM includeHooks: source=/templates/macros/json/hooks.vm
2022-07-18 18:08:03,953 - ResourceManager : found /templates/macros/json/hooks.vm with loader org.apache.velocity.runtime.resource.loader.ClasspathResourceLoader
2022-07-18 18:08:03,955 - Velocimacro : added VM includeOutput: source=/templates/macros/json/output.vm
2022-07-18 18:08:03,955 - ResourceManager : found /templates/macros/json/output.vm with loader org.apache.velocity.runtime.resource.loader.ClasspathResourceLoader
2022-07-18 18:08:03,955 - Velocimacro : added VM includeMessage: source=/templates/macros/json/message.vm
2022-07-18 18:08:03,955 - ResourceManager : found /templates/macros/json/message.vm with loader org.apache.velocity.runtime.resource.loader.ClasspathResourceLoader
2022-07-18 18:08:03,957 - Velocimacro : added VM includeSteps: source=/templates/macros/json/steps.vm
2022-07-18 18:08:03,957 - ResourceManager : found /templates/macros/json/steps.vm with loader org.apache.velocity.runtime.resource.loader.ClasspathResourceLoader
2022-07-18 18:08:03,957 - Velocimacro : added VM includeStepName: source=/templates/macros/json/stepName.vm
2022-07-18 18:08:03,957 - ResourceManager : found /templates/macros/json/stepName.vm with loader org.apache.velocity.runtime.resource.loader.ClasspathResourceLoader
2022-07-18 18:08:03,958 - Velocimacro : added VM includeTags: source=/templates/macros/json/tags.vm
2022-07-18 18:08:03,958 - ResourceManager : found /templates/macros/json/tags.vm with loader org.apache.velocity.runtime.resource.loader.ClasspathResourceLoader
2022-07-18 18:08:03,964 - VM #includeNavigation: too few arguments to macro. Wanted 1 got 0
2022-07-18 18:08:03,965 - Left side ($active_tab) of '==' operation has null value. If it is a reference, it may not be in the context or its toString() returned null. /templates/macros/page/navigation.vm[line 14, column 51]
2022-07-18 18:08:03,965 - Left side ($active_tab) of '==' operation has null value. If it is a reference, it may not be in the context or its toString() returned null. /templates/macros/page/navigation.vm[line 15, column 51]
2022-07-18 18:08:03,965 - Left side ($active_tab) of '==' operation has null value. If it is a reference, it may not be in the context or its toString() returned null. /templates/macros/page/navigation.vm[line 16, column 51]
2022-07-18 18:08:03,965 - Left side ($active_tab) of '==' operation has null value. If it is a reference, it may not be in the context or its toString() returned null. /templates/macros/page/navigation.vm[line 20, column 51]
2022-07-18 18:08:03,978 - ResourceManager : found /templates/footer.vm with loader org.apache.velocity.runtime.resource.loader.ClasspathResourceLoader
2022-07-18 18:09:12,291 - Log4JLogChute initialized using file 'target\velocity.log'
2022-07-18 18:09:12,291 - Initializing Velocity, Calling init()...
2022-07-18 18:09:12,291 - Starting Apache Velocity v1.7 (compiled: 2010-11-19 12:14:37)
2022-07-18 18:09:12,291 - Default Properties File: org\apache\velocity\runtime\defaults\velocity.properties
2022-07-18 18:09:12,292 - Trying to use logger class org.apache.velocity.runtime.log.AvalonLogChute
2022-07-18 18:09:12,292 - Target log system for org.apache.velocity.runtime.log.AvalonLogChute is not available (java.lang.NoClassDefFoundError: org/apache/log/format/Formatter).  Falling back to next log system...
2022-07-18 18:09:12,292 - Trying to use logger class org.apache.velocity.runtime.log.Log4JLogChute
2022-07-18 18:09:12,292 - Using logger class org.apache.velocity.runtime.log.Log4JLogChute
2022-07-18 18:09:12,293 - ResourceLoader instantiated: org.apache.velocity.runtime.resource.loader.ClasspathResourceLoader
2022-07-18 18:09:12,300 - ResourceCache: initialized (class org.apache.velocity.runtime.resource.ResourceCacheImpl) with class java.util.Collections$SynchronizedMap cache map.
2022-07-18 18:09:12,301 - Loaded System Directive: org.apache.velocity.runtime.directive.Stop
2022-07-18 18:09:12,302 - Loaded System Directive: org.apache.velocity.runtime.directive.Define
2022-07-18 18:09:12,302 - Loaded System Directive: org.apache.velocity.runtime.directive.Break
2022-07-18 18:09:12,303 - Loaded System Directive: org.apache.velocity.runtime.directive.Evaluate
2022-07-18 18:09:12,303 - Loaded System Directive: org.apache.velocity.runtime.directive.Literal
2022-07-18 18:09:12,304 - Loaded System Directive: org.apache.velocity.runtime.directive.Macro
2022-07-18 18:09:12,305 - Loaded System Directive: org.apache.velocity.runtime.directive.Parse
2022-07-18 18:09:12,305 - Loaded System Directive: org.apache.velocity.runtime.directive.Include
2022-07-18 18:09:12,306 - Loaded System Directive: org.apache.velocity.runtime.directive.Foreach
2022-07-18 18:09:12,326 - Created '20' parsers.
2022-07-18 18:09:12,329 - Velocimacro : "velocimacro.library" is not set.  Trying default library: VM_global_library.vm
2022-07-18 18:09:12,330 - Could not load resource 'VM_global_library.vm' from ResourceLoader org.apache.velocity.runtime.resource.loader.ClasspathResourceLoader: ClasspathResourceLoader Error: cannot find resource VM_global_library.vm
2022-07-18 18:09:12,330 - Velocimacro : Default library not found.
2022-07-18 18:09:12,330 - Velocimacro : allowInline = true : VMs can be defined inline in templates
2022-07-18 18:09:12,330 - Velocimacro : allowInlineToOverride = false : VMs defined inline may NOT replace previous VM definitions
2022-07-18 18:09:12,330 - Velocimacro : allowInlineLocal = false : VMs defined inline will be global in scope if allowed.
2022-07-18 18:09:12,330 - Velocimacro : autoload off : VM system will not automatically reload global library macros
2022-07-18 18:09:12,393 - ResourceManager : found templates/generators/errorpage.vm with loader org.apache.velocity.runtime.resource.loader.ClasspathResourceLoader
2022-07-18 18:09:12,396 - ResourceManager : found /templates/headers.vm with loader org.apache.velocity.runtime.resource.loader.ClasspathResourceLoader
2022-07-18 18:09:12,396 - ResourceManager : found /templates/head.vm with loader org.apache.velocity.runtime.resource.loader.ClasspathResourceLoader
2022-07-18 18:09:12,398 - Velocimacro : added VM stringArray: source=/templates/macros/array.js.vm
2022-07-18 18:09:12,398 - Velocimacro : added VM numberArray: source=/templates/macros/array.js.vm
2022-07-18 18:09:12,398 - ResourceManager : found /templates/macros/array.js.vm with loader org.apache.velocity.runtime.resource.loader.ClasspathResourceLoader
2022-07-18 18:09:12,399 - Velocimacro : added VM includeBuildInfo: source=/templates/macros/page/buildinfo.vm
2022-07-18 18:09:12,399 - ResourceManager : found /templates/macros/page/buildinfo.vm with loader org.apache.velocity.runtime.resource.loader.ClasspathResourceLoader
2022-07-18 18:09:12,401 - Velocimacro : added VM includeClassifications: source=/templates/macros/page/classifications.vm
2022-07-18 18:09:12,401 - ResourceManager : found /templates/macros/page/classifications.vm with loader org.apache.velocity.runtime.resource.loader.ClasspathResourceLoader
2022-07-18 18:09:12,402 - Velocimacro : added VM includeLead: source=/templates/macros/page/lead.vm
2022-07-18 18:09:12,402 - ResourceManager : found /templates/macros/page/lead.vm with loader org.apache.velocity.runtime.resource.loader.ClasspathResourceLoader
2022-07-18 18:09:12,404 - Velocimacro : added VM includeNavigation: source=/templates/macros/page/navigation.vm
2022-07-18 18:09:12,404 - ResourceManager : found /templates/macros/page/navigation.vm with loader org.apache.velocity.runtime.resource.loader.ClasspathResourceLoader
2022-07-18 18:09:12,405 - Velocimacro : added VM includeReportInfo: source=/templates/macros/page/reportInfo.vm
2022-07-18 18:09:12,405 - ResourceManager : found /templates/macros/page/reportInfo.vm with loader org.apache.velocity.runtime.resource.loader.ClasspathResourceLoader
2022-07-18 18:09:12,405 - Velocimacro : added VM includeTitle: source=/templates/macros/page/title.vm
2022-07-18 18:09:12,405 - ResourceManager : found /templates/macros/page/title.vm with loader org.apache.velocity.runtime.resource.loader.ClasspathResourceLoader
2022-07-18 18:09:12,406 - Velocimacro : added VM includeExpandingButtons: source=/templates/macros/report/expandAllButtons.vm
2022-07-18 18:09:12,406 - ResourceManager : found /templates/macros/report/expandAllButtons.vm with loader org.apache.velocity.runtime.resource.loader.ClasspathResourceLoader
2022-07-18 18:09:12,409 - Velocimacro : added VM includeReportTable: source=/templates/macros/report/reportTable.vm
2022-07-18 18:09:12,409 - ResourceManager : found /templates/macros/report/reportTable.vm with loader org.apache.velocity.runtime.resource.loader.ClasspathResourceLoader
2022-07-18 18:09:12,409 - Velocimacro : added VM includeReportHeader: source=/templates/macros/report/reportHeader.vm
2022-07-18 18:09:12,409 - ResourceManager : found /templates/macros/report/reportHeader.vm with loader org.apache.velocity.runtime.resource.loader.ClasspathResourceLoader
2022-07-18 18:09:12,413 - Velocimacro : added VM includeStatsTable: source=/templates/macros/report/statsTable.vm
2022-07-18 18:09:12,413 - ResourceManager : found /templates/macros/report/statsTable.vm with loader org.apache.velocity.runtime.resource.loader.ClasspathResourceLoader
2022-07-18 18:09:12,414 - Velocimacro : added VM includeBrief: source=/templates/macros/json/brief.vm
2022-07-18 18:09:12,414 - ResourceManager : found /templates/macros/json/brief.vm with loader org.apache.velocity.runtime.resource.loader.ClasspathResourceLoader
2022-07-18 18:09:12,415 - Velocimacro : added VM includeDocString: source=/templates/macros/json/docstring.vm
2022-07-18 18:09:12,415 - ResourceManager : found /templates/macros/json/docstring.vm with loader org.apache.velocity.runtime.resource.loader.ClasspathResourceLoader
2022-07-18 18:09:12,416 - Velocimacro : added VM includeDuration: source=/templates/macros/json/duration.vm
2022-07-18 18:09:12,416 - ResourceManager : found /templates/macros/json/duration.vm with loader org.apache.velocity.runtime.resource.loader.ClasspathResourceLoader
2022-07-18 18:09:12,418 - Velocimacro : added VM includeElement: source=/templates/macros/json/element.vm
2022-07-18 18:09:12,418 - ResourceManager : found /templates/macros/json/element.vm with loader org.apache.velocity.runtime.resource.loader.ClasspathResourceLoader
2022-07-18 18:09:12,424 - Velocimacro : added VM includeEmbeddings: source=/templates/macros/json/embeddings.vm
2022-07-18 18:09:12,424 - Velocimacro : added VM includeHtmlEmbedding: source=/templates/macros/json/embeddings.vm
2022-07-18 18:09:12,424 - Velocimacro : added VM includeVideoEmbedding: source=/templates/macros/json/embeddings.vm
2022-07-18 18:09:12,424 - Velocimacro : added VM includeImageEmbedding: source=/templates/macros/json/embeddings.vm
2022-07-18 18:09:12,424 - Velocimacro : added VM includeImageReferenceEmbedding: source=/templates/macros/json/embeddings.vm
2022-07-18 18:09:12,424 - Velocimacro : added VM includeTextEmbedding: source=/templates/macros/json/embeddings.vm
2022-07-18 18:09:12,424 - Velocimacro : added VM includeUnknownEmbedding: source=/templates/macros/json/embeddings.vm
2022-07-18 18:09:12,424 - ResourceManager : found /templates/macros/json/embeddings.vm with loader org.apache.velocity.runtime.resource.loader.ClasspathResourceLoader
2022-07-18 18:09:12,426 - Velocimacro : added VM includeHooks: source=/templates/macros/json/hooks.vm
2022-07-18 18:09:12,426 - ResourceManager : found /templates/macros/json/hooks.vm with loader org.apache.velocity.runtime.resource.loader.ClasspathResourceLoader
2022-07-18 18:09:12,427 - Velocimacro : added VM includeOutput: source=/templates/macros/json/output.vm
2022-07-18 18:09:12,427 - ResourceManager : found /templates/macros/json/output.vm with loader org.apache.velocity.runtime.resource.loader.ClasspathResourceLoader
2022-07-18 18:09:12,428 - Velocimacro : added VM includeMessage: source=/templates/macros/json/message.vm
2022-07-18 18:09:12,428 - ResourceManager : found /templates/macros/json/message.vm with loader org.apache.velocity.runtime.resource.loader.ClasspathResourceLoader
2022-07-18 18:09:12,429 - Velocimacro : added VM includeSteps: source=/templates/macros/json/steps.vm
2022-07-18 18:09:12,429 - ResourceManager : found /templates/macros/json/steps.vm with loader org.apache.velocity.runtime.resource.loader.ClasspathResourceLoader
2022-07-18 18:09:12,430 - Velocimacro : added VM includeStepName: source=/templates/macros/json/stepName.vm
2022-07-18 18:09:12,430 - ResourceManager : found /templates/macros/json/stepName.vm with loader org.apache.velocity.runtime.resource.loader.ClasspathResourceLoader
2022-07-18 18:09:12,430 - Velocimacro : added VM includeTags: source=/templates/macros/json/tags.vm
2022-07-18 18:09:12,430 - ResourceManager : found /templates/macros/json/tags.vm with loader org.apache.velocity.runtime.resource.loader.ClasspathResourceLoader
2022-07-18 18:09:12,436 - VM #includeNavigation: too few arguments to macro. Wanted 1 got 0
2022-07-18 18:09:12,437 - Left side ($active_tab) of '==' operation has null value. If it is a reference, it may not be in the context or its toString() returned null. /templates/macros/page/navigation.vm[line 14, column 51]
2022-07-18 18:09:12,437 - Left side ($active_tab) of '==' operation has null value. If it is a reference, it may not be in the context or its toString() returned null. /templates/macros/page/navigation.vm[line 15, column 51]
2022-07-18 18:09:12,437 - Left side ($active_tab) of '==' operation has null value. If it is a reference, it may not be in the context or its toString() returned null. /templates/macros/page/navigation.vm[line 16, column 51]
2022-07-18 18:09:12,437 - Left side ($active_tab) of '==' operation has null value. If it is a reference, it may not be in the context or its toString() returned null. /templates/macros/page/navigation.vm[line 20, column 51]
2022-07-18 18:09:12,451 - ResourceManager : found /templates/footer.vm with loader org.apache.velocity.runtime.resource.loader.ClasspathResourceLoader
2022-07-19 19:25:00,851 - Log4JLogChute initialized using file 'target\velocity.log'
2022-07-19 19:25:00,853 - Initializing Velocity, Calling init()...
2022-07-19 19:25:00,853 - Starting Apache Velocity v1.7 (compiled: 2010-11-19 12:14:37)
2022-07-19 19:25:00,853 - Default Properties File: org\apache\velocity\runtime\defaults\velocity.properties
2022-07-19 19:25:00,853 - Trying to use logger class org.apache.velocity.runtime.log.AvalonLogChute
2022-07-19 19:25:00,853 - Target log system for org.apache.velocity.runtime.log.AvalonLogChute is not available (java.lang.NoClassDefFoundError: org/apache/log/format/Formatter).  Falling back to next log system...
2022-07-19 19:25:00,853 - Trying to use logger class org.apache.velocity.runtime.log.Log4JLogChute
2022-07-19 19:25:00,853 - Using logger class org.apache.velocity.runtime.log.Log4JLogChute
2022-07-19 19:25:00,855 - ResourceLoader instantiated: org.apache.velocity.runtime.resource.loader.ClasspathResourceLoader
2022-07-19 19:25:00,863 - ResourceCache: initialized (class org.apache.velocity.runtime.resource.ResourceCacheImpl) with class java.util.Collections$SynchronizedMap cache map.
2022-07-19 19:25:00,864 - Loaded System Directive: org.apache.velocity.runtime.directive.Stop
2022-07-19 19:25:00,865 - Loaded System Directive: org.apache.velocity.runtime.directive.Define
2022-07-19 19:25:00,865 - Loaded System Directive: org.apache.velocity.runtime.directive.Break
2022-07-19 19:25:00,866 - Loaded System Directive: org.apache.velocity.runtime.directive.Evaluate
2022-07-19 19:25:00,866 - Loaded System Directive: org.apache.velocity.runtime.directive.Literal
2022-07-19 19:25:00,867 - Loaded System Directive: org.apache.velocity.runtime.directive.Macro
2022-07-19 19:25:00,867 - Loaded System Directive: org.apache.velocity.runtime.directive.Parse
2022-07-19 19:25:00,868 - Loaded System Directive: org.apache.velocity.runtime.directive.Include
2022-07-19 19:25:00,869 - Loaded System Directive: org.apache.velocity.runtime.directive.Foreach
2022-07-19 19:25:00,888 - Created '20' parsers.
2022-07-19 19:25:00,891 - Velocimacro : "velocimacro.library" is not set.  Trying default library: VM_global_library.vm
2022-07-19 19:25:00,892 - Could not load resource 'VM_global_library.vm' from ResourceLoader org.apache.velocity.runtime.resource.loader.ClasspathResourceLoader: ClasspathResourceLoader Error: cannot find resource VM_global_library.vm
2022-07-19 19:25:00,892 - Velocimacro : Default library not found.
2022-07-19 19:25:00,892 - Velocimacro : allowInline = true : VMs can be defined inline in templates
2022-07-19 19:25:00,892 - Velocimacro : allowInlineToOverride = false : VMs defined inline may NOT replace previous VM definitions
2022-07-19 19:25:00,892 - Velocimacro : allowInlineLocal = false : VMs defined inline will be global in scope if allowed.
2022-07-19 19:25:00,892 - Velocimacro : autoload off : VM system will not automatically reload global library macros
2022-07-19 19:25:00,956 - ResourceManager : found templates/generators/errorpage.vm with loader org.apache.velocity.runtime.resource.loader.ClasspathResourceLoader
2022-07-19 19:25:00,960 - ResourceManager : found /templates/headers.vm with loader org.apache.velocity.runtime.resource.loader.ClasspathResourceLoader
2022-07-19 19:25:00,960 - ResourceManager : found /templates/head.vm with loader org.apache.velocity.runtime.resource.loader.ClasspathResourceLoader
2022-07-19 19:25:00,962 - Velocimacro : added VM stringArray: source=/templates/macros/array.js.vm
2022-07-19 19:25:00,962 - Velocimacro : added VM numberArray: source=/templates/macros/array.js.vm
2022-07-19 19:25:00,962 - ResourceManager : found /templates/macros/array.js.vm with loader org.apache.velocity.runtime.resource.loader.ClasspathResourceLoader
2022-07-19 19:25:00,963 - Velocimacro : added VM includeBuildInfo: source=/templates/macros/page/buildinfo.vm
2022-07-19 19:25:00,963 - ResourceManager : found /templates/macros/page/buildinfo.vm with loader org.apache.velocity.runtime.resource.loader.ClasspathResourceLoader
2022-07-19 19:25:00,965 - Velocimacro : added VM includeClassifications: source=/templates/macros/page/classifications.vm
2022-07-19 19:25:00,965 - ResourceManager : found /templates/macros/page/classifications.vm with loader org.apache.velocity.runtime.resource.loader.ClasspathResourceLoader
2022-07-19 19:25:00,966 - Velocimacro : added VM includeLead: source=/templates/macros/page/lead.vm
2022-07-19 19:25:00,966 - ResourceManager : found /templates/macros/page/lead.vm with loader org.apache.velocity.runtime.resource.loader.ClasspathResourceLoader
2022-07-19 19:25:00,967 - Velocimacro : added VM includeNavigation: source=/templates/macros/page/navigation.vm
2022-07-19 19:25:00,967 - ResourceManager : found /templates/macros/page/navigation.vm with loader org.apache.velocity.runtime.resource.loader.ClasspathResourceLoader
2022-07-19 19:25:00,968 - Velocimacro : added VM includeReportInfo: source=/templates/macros/page/reportInfo.vm
2022-07-19 19:25:00,968 - ResourceManager : found /templates/macros/page/reportInfo.vm with loader org.apache.velocity.runtime.resource.loader.ClasspathResourceLoader
2022-07-19 19:25:00,969 - Velocimacro : added VM includeTitle: source=/templates/macros/page/title.vm
2022-07-19 19:25:00,969 - ResourceManager : found /templates/macros/page/title.vm with loader org.apache.velocity.runtime.resource.loader.ClasspathResourceLoader
2022-07-19 19:25:00,969 - Velocimacro : added VM includeExpandingButtons: source=/templates/macros/report/expandAllButtons.vm
2022-07-19 19:25:00,970 - ResourceManager : found /templates/macros/report/expandAllButtons.vm with loader org.apache.velocity.runtime.resource.loader.ClasspathResourceLoader
2022-07-19 19:25:00,972 - Velocimacro : added VM includeReportTable: source=/templates/macros/report/reportTable.vm
2022-07-19 19:25:00,972 - ResourceManager : found /templates/macros/report/reportTable.vm with loader org.apache.velocity.runtime.resource.loader.ClasspathResourceLoader
2022-07-19 19:25:00,973 - Velocimacro : added VM includeReportHeader: source=/templates/macros/report/reportHeader.vm
2022-07-19 19:25:00,973 - ResourceManager : found /templates/macros/report/reportHeader.vm with loader org.apache.velocity.runtime.resource.loader.ClasspathResourceLoader
2022-07-19 19:25:00,977 - Velocimacro : added VM includeStatsTable: source=/templates/macros/report/statsTable.vm
2022-07-19 19:25:00,977 - ResourceManager : found /templates/macros/report/statsTable.vm with loader org.apache.velocity.runtime.resource.loader.ClasspathResourceLoader
2022-07-19 19:25:00,978 - Velocimacro : added VM includeBrief: source=/templates/macros/json/brief.vm
2022-07-19 19:25:00,978 - ResourceManager : found /templates/macros/json/brief.vm with loader org.apache.velocity.runtime.resource.loader.ClasspathResourceLoader
2022-07-19 19:25:00,979 - Velocimacro : added VM includeDocString: source=/templates/macros/json/docstring.vm
2022-07-19 19:25:00,979 - ResourceManager : found /templates/macros/json/docstring.vm with loader org.apache.velocity.runtime.resource.loader.ClasspathResourceLoader
2022-07-19 19:25:00,979 - Velocimacro : added VM includeDuration: source=/templates/macros/json/duration.vm
2022-07-19 19:25:00,979 - ResourceManager : found /templates/macros/json/duration.vm with loader org.apache.velocity.runtime.resource.loader.ClasspathResourceLoader
2022-07-19 19:25:00,982 - Velocimacro : added VM includeElement: source=/templates/macros/json/element.vm
2022-07-19 19:25:00,982 - ResourceManager : found /templates/macros/json/element.vm with loader org.apache.velocity.runtime.resource.loader.ClasspathResourceLoader
2022-07-19 19:25:00,987 - Velocimacro : added VM includeEmbeddings: source=/templates/macros/json/embeddings.vm
2022-07-19 19:25:00,987 - Velocimacro : added VM includeHtmlEmbedding: source=/templates/macros/json/embeddings.vm
2022-07-19 19:25:00,988 - Velocimacro : added VM includeVideoEmbedding: source=/templates/macros/json/embeddings.vm
2022-07-19 19:25:00,988 - Velocimacro : added VM includeImageEmbedding: source=/templates/macros/json/embeddings.vm
2022-07-19 19:25:00,988 - Velocimacro : added VM includeImageReferenceEmbedding: source=/templates/macros/json/embeddings.vm
2022-07-19 19:25:00,988 - Velocimacro : added VM includeTextEmbedding: source=/templates/macros/json/embeddings.vm
2022-07-19 19:25:00,988 - Velocimacro : added VM includeUnknownEmbedding: source=/templates/macros/json/embeddings.vm
2022-07-19 19:25:00,988 - ResourceManager : found /templates/macros/json/embeddings.vm with loader org.apache.velocity.runtime.resource.loader.ClasspathResourceLoader
2022-07-19 19:25:00,991 - Velocimacro : added VM includeHooks: source=/templates/macros/json/hooks.vm
2022-07-19 19:25:00,991 - ResourceManager : found /templates/macros/json/hooks.vm with loader org.apache.velocity.runtime.resource.loader.ClasspathResourceLoader
2022-07-19 19:25:00,993 - Velocimacro : added VM includeOutput: source=/templates/macros/json/output.vm
2022-07-19 19:25:00,993 - ResourceManager : found /templates/macros/json/output.vm with loader org.apache.velocity.runtime.resource.loader.ClasspathResourceLoader
2022-07-19 19:25:00,994 - Velocimacro : added VM includeMessage: source=/templates/macros/json/message.vm
2022-07-19 19:25:00,994 - ResourceManager : found /templates/macros/json/message.vm with loader org.apache.velocity.runtime.resource.loader.ClasspathResourceLoader
2022-07-19 19:25:00,995 - Velocimacro : added VM includeSteps: source=/templates/macros/json/steps.vm
2022-07-19 19:25:00,995 - ResourceManager : found /templates/macros/json/steps.vm with loader org.apache.velocity.runtime.resource.loader.ClasspathResourceLoader
2022-07-19 19:25:00,996 - Velocimacro : added VM includeStepName: source=/templates/macros/json/stepName.vm
2022-07-19 19:25:00,996 - ResourceManager : found /templates/macros/json/stepName.vm with loader org.apache.velocity.runtime.resource.loader.ClasspathResourceLoader
2022-07-19 19:25:00,996 - Velocimacro : added VM includeTags: source=/templates/macros/json/tags.vm
2022-07-19 19:25:00,996 - ResourceManager : found /templates/macros/json/tags.vm with loader org.apache.velocity.runtime.resource.loader.ClasspathResourceLoader
2022-07-19 19:25:01,002 - VM #includeNavigation: too few arguments to macro. Wanted 1 got 0
2022-07-19 19:25:01,003 - Left side ($active_tab) of '==' operation has null value. If it is a reference, it may not be in the context or its toString() returned null. /templates/macros/page/navigation.vm[line 14, column 51]
2022-07-19 19:25:01,003 - Left side ($active_tab) of '==' operation has null value. If it is a reference, it may not be in the context or its toString() returned null. /templates/macros/page/navigation.vm[line 15, column 51]
2022-07-19 19:25:01,003 - Left side ($active_tab) of '==' operation has null value. If it is a reference, it may not be in the context or its toString() returned null. /templates/macros/page/navigation.vm[line 16, column 51]
2022-07-19 19:25:01,003 - Left side ($active_tab) of '==' operation has null value. If it is a reference, it may not be in the context or its toString() returned null. /templates/macros/page/navigation.vm[line 20, column 51]
2022-07-19 19:25:01,017 - ResourceManager : found /templates/footer.vm with loader org.apache.velocity.runtime.resource.loader.ClasspathResourceLoader
